#-----------------------------------------------------------
# Vivado v2019.2 (64-bit)
# SW Build 2708876 on Wed Nov  6 21:40:23 MST 2019
# IP Build 2700528 on Thu Nov  7 00:09:20 MST 2019
# Start of session at: Sun Nov 24 23:13:45 2019
# Process ID: 26548
# Current directory: D:/Users/Sander/Documents/GitHub/ECE2300L/Lab12
# Command line: vivado.exe -gui_launcher_event rodinguilauncherevent18912 D:\Users\Sander\Documents\GitHub\ECE2300L\Lab12\Lab12.xpr
# Log file: D:/Users/Sander/Documents/GitHub/ECE2300L/Lab12/vivado.log
# Journal file: D:/Users/Sander/Documents/GitHub/ECE2300L/Lab12\vivado.jou
#-----------------------------------------------------------
start_gui
open_project D:/Users/Sander/Documents/GitHub/ECE2300L/Lab12/Lab12.xpr
INFO: [Project 1-313] Project file moved from 'C:/Users/sazuckerman/Desktop/Lab12' since last save.
CRITICAL WARNING: [Project 1-311] Could not find the file 'D:/Users/Sander/Documents/GitHub/ECE2300L/ShiftRegisters/Nexys-A7-100T-Master.xdc', nor could it be found using path 'C:/Users/sazuckerman/Desktop/ShiftRegisters/Nexys-A7-100T-Master.xdc'.
Scanning sources...
Finished scanning sources
WARNING: [filemgmt 56-2] IPUserFilesDir: Could not find the directory 'D:/Users/Sander/Documents/GitHub/ECE2300L/Lab12/Lab12.ip_user_files', nor could it be found using path 'C:/Users/sazuckerman/Desktop/Lab12/Lab12.ip_user_files'.
INFO: [Project 1-230] Project 'Lab12.xpr' upgraded for this version of Vivado.
INFO: [IP_Flow 19-234] Refreshing IP repositories
INFO: [IP_Flow 19-1704] No user IP repositories specified
INFO: [IP_Flow 19-2313] Loaded Vivado IP repository 'D:/Xilinx/Vivado/2019.2/data/ip'.
open_project: Time (s): cpu = 00:00:10 ; elapsed = 00:00:20 . Memory (MB): peak = 697.270 ; gain = 114.574
update_compile_order -fileset sources_1
update_files -from_files D:/Users/Sander/Documents/GitHub/ECE2300L/Lab12/Nexys-A7-100T-Master.xdc -to_files D:/Users/Sander/Documents/GitHub/ECE2300L/ShiftRegisters/Nexys-A7-100T-Master.xdc -filesets [get_filesets *]
INFO: [filemgmt 20-762] Replacing file 'D:/Users/Sander/Documents/GitHub/ECE2300L/ShiftRegisters/Nexys-A7-100T-Master.xdc' with file 'D:/Users/Sander/Documents/GitHub/ECE2300L/Lab12/Nexys-A7-100T-Master.xdc'.
reset_run synth_1
launch_runs impl_1 -to_step write_bitstream -jobs 4
[Sun Nov 24 23:23:37 2019] Launched synth_1...
Run output will be captured here: D:/Users/Sander/Documents/GitHub/ECE2300L/Lab12/Lab12.runs/synth_1/runme.log
[Sun Nov 24 23:23:37 2019] Launched impl_1...
Run output will be captured here: D:/Users/Sander/Documents/GitHub/ECE2300L/Lab12/Lab12.runs/impl_1/runme.log
open_hw_manager
connect_hw_server -allow_non_jtag
INFO: [Labtools 27-2285] Connecting to hw_server url TCP:localhost:3121
INFO: [Labtools 27-2222] Launching hw_server...
INFO: [Labtools 27-2221] Launch Output:

****** Xilinx hw_server v2019.2
  **** Build date : Nov  6 2019 at 22:12:23
    ** Copyright 1986-2019 Xilinx, Inc. All Rights Reserved.


INFO: [Labtools 27-3415] Connecting to cs_server url TCP:localhost:3042
INFO: [Labtools 27-3417] Launching cs_server...
INFO: [Common 17-41] Interrupt caught. Command should exit soon.
INFO: [Labtools 27-2221] Launch Output:


****** Xilinx cs_server v2019.2.0
  **** Build date : Nov 06 2019-21:28:22
    ** Copyright 2017-2019 Xilinx, Inc. All Rights Reserved.



connect_hw_server: Time (s): cpu = 00:00:01 ; elapsed = 00:00:08 . Memory (MB): peak = 770.918 ; gain = 18.563
INFO: [Common 17-344] 'connect_hw_server' was cancelled
exit
INFO: [Common 17-206] Exiting Vivado at Mon Nov 25 03:01:34 2019...
