Copyright 1986-2019 Xilinx, Inc. All Rights Reserved.
------------------------------------------------------------------------------------
| Tool Version : Vivado v.2019.2 (win64) Build 2708876 Wed Nov  6 21:40:23 MST 2019
| Date         : Thu Nov 14 17:04:54 2019
| Host         : BallooniMagic running 64-bit major release  (build 9200)
| Command      : report_control_sets -verbose -file top_control_sets_placed.rpt
| Design       : top
| Device       : xc7a100t
------------------------------------------------------------------------------------

Control Set Information

Table of Contents
-----------------
1. Summary
2. Histogram
3. Flip-Flop Distribution
4. Detailed Control Set Information

1. Summary
----------

+----------------------------------------------------------+-------+
|                          Status                          | Count |
+----------------------------------------------------------+-------+
| Total control sets                                       |     9 |
|    Minimum number of control sets                        |     9 |
|    Addition due to synthesis replication                 |     0 |
|    Addition due to physical synthesis replication        |     0 |
| Unused register locations in slices containing registers |    44 |
+----------------------------------------------------------+-------+
* Control sets can be merged at opt_design using control_set_merge or merge_equivalent_drivers
** Run report_qor_suggestions for automated merging and remapping suggestions


2. Histogram
------------

+--------------------+-------+
|       Fanout       | Count |
+--------------------+-------+
| Total control sets |     9 |
| >= 0 to < 4        |     3 |
| >= 4 to < 6        |     4 |
| >= 6 to < 8        |     0 |
| >= 8 to < 10       |     0 |
| >= 10 to < 12      |     0 |
| >= 12 to < 14      |     0 |
| >= 14 to < 16      |     0 |
| >= 16              |     2 |
+--------------------+-------+
* Control sets can be remapped at either synth_design or opt_design


3. Flip-Flop Distribution
-------------------------

+--------------+-----------------------+------------------------+-----------------+--------------+
| Clock Enable | Synchronous Set/Reset | Asynchronous Set/Reset | Total Registers | Total Slices |
+--------------+-----------------------+------------------------+-----------------+--------------+
| No           | No                    | No                     |               6 |            4 |
| No           | No                    | Yes                    |               0 |            0 |
| No           | Yes                   | No                     |              58 |           15 |
| Yes          | No                    | No                     |               0 |            0 |
| Yes          | No                    | Yes                    |               0 |            0 |
| Yes          | Yes                   | No                     |              12 |            4 |
+--------------+-----------------------+------------------------+-----------------+--------------+


4. Detailed Control Set Information
-----------------------------------

+-------------------+-----------------------+--------------------------+------------------+----------------+
|    Clock Signal   |     Enable Signal     |     Set/Reset Signal     | Slice Load Count | Bel Load Count |
+-------------------+-----------------------+--------------------------+------------------+----------------+
|  clk100_IBUF_BUFG |                       |                          |                1 |              1 |
|  g1/led_OBUF      |                       |                          |                1 |              2 |
|  g0/clk_BUFG      |                       |                          |                2 |              3 |
|  g1/led_OBUF      |                       | c1/c1/Q[3]_i_1__1_n_0    |                1 |              4 |
|  g1/led_OBUF      | c2/c1/clk_en2         | c3/c1/Q[3]_i_1__0_n_0    |                1 |              4 |
|  g1/led_OBUF      | c2/c1/clk_en3         | c4/c1/Q[3]_i_1__2_n_0    |                1 |              4 |
|  g1/led_OBUF      | c1/c1/carry_out_reg_0 | c2/c1/Q[3]_i_1_n_0       |                2 |              4 |
|  clk100_IBUF_BUFG |                       | g0/clear                 |                7 |             27 |
|  g0/clk_BUFG      |                       | g1/counter[0]_i_1__0_n_0 |                7 |             27 |
+-------------------+-----------------------+--------------------------+------------------+----------------+


